<?xml version="1.0" encoding="UTF-8"?>
<!-- Generated by org.testng.reporters.JUnitXMLReporter -->
<testsuite ignored="0" hostname="DESKTOP-3NM1VHO" failures="0" tests="3" name="Full User Journey" time="47.622" errors="0" timestamp="2025-04-29T17:47:11 IST">
  <testcase classname="com.nixonex.tests.RegisterTest" name="userRegistrationTest" time="1.435"/>
  <testcase classname="com.nixonex.tests.LoginTest" name="userLoginTest" time="5.896"/>
  <testcase classname="com.nixonex.tests.ShoppingTest" name="shoppingFlowTest" time="10.131"/>
</testsuite> <!-- Full User Journey -->
