<?xml version="1.0" encoding="UTF-8"?>
<testng-results ignored="0" total="3" passed="3" failed="0" skipped="0">
  <reporter-output>
  </reporter-output>
  <suite started-at="2025-04-29T17:46:23 IST" name="Nixonex E-commerce Test Suite" finished-at="2025-04-29T17:47:10 IST" duration-ms="47622">
    <groups>
    </groups>
    <test started-at="2025-04-29T17:46:23 IST" name="Full User Journey" finished-at="2025-04-29T17:47:10 IST" duration-ms="47622">
      <class name="com.nixonex.tests.ShoppingTest">
        <test-method is-config="true" signature="setup(java.lang.reflect.Method)[pri:0, instance:com.nixonex.tests.ShoppingTest@6025e1b6]" started-at="2025-04-29T17:46:50 IST" name="setup" finished-at="2025-04-29T17:46:56 IST" duration-ms="6734" status="PASS">
          <params>
            <param index="0">
              <value>
                <![CDATA[public void com.nixonex.tests.ShoppingTest.shoppingFlowTest()]]>
              </value>
            </param>
          </params>
          <reporter-output>
          </reporter-output>
        </test-method> <!-- setup -->
        <test-method signature="shoppingFlowTest()[pri:0, instance:com.nixonex.tests.ShoppingTest@6025e1b6]" started-at="2025-04-29T17:46:56 IST" name="shoppingFlowTest" finished-at="2025-04-29T17:47:06 IST" duration-ms="10131" status="PASS">
          <reporter-output>
          </reporter-output>
        </test-method> <!-- shoppingFlowTest -->
        <test-method is-config="true" signature="tearDown(org.testng.ITestResult)[pri:0, instance:com.nixonex.tests.ShoppingTest@6025e1b6]" started-at="2025-04-29T17:47:06 IST" name="tearDown" finished-at="2025-04-29T17:47:10 IST" duration-ms="4045" status="PASS">
          <params>
            <param index="0">
              <value>
                <![CDATA[[TestResult name=shoppingFlowTest status=SUCCESS method=ShoppingTest.shoppingFlowTest()[pri:0, instance:com.nixonex.tests.ShoppingTest@6025e1b6] output={null}]]]>
              </value>
            </param>
          </params>
          <reporter-output>
          </reporter-output>
        </test-method> <!-- tearDown -->
      </class> <!-- com.nixonex.tests.ShoppingTest -->
      <class name="com.nixonex.tests.RegisterTest">
        <test-method is-config="true" signature="setup(java.lang.reflect.Method)[pri:0, instance:com.nixonex.tests.RegisterTest@4d5d943d]" started-at="2025-04-29T17:46:23 IST" name="setup" finished-at="2025-04-29T17:46:33 IST" duration-ms="9942" status="PASS">
          <params>
            <param index="0">
              <value>
                <![CDATA[public void com.nixonex.tests.RegisterTest.userRegistrationTest()]]>
              </value>
            </param>
          </params>
          <reporter-output>
          </reporter-output>
        </test-method> <!-- setup -->
        <test-method signature="userRegistrationTest()[pri:0, instance:com.nixonex.tests.RegisterTest@4d5d943d]" started-at="2025-04-29T17:46:33 IST" name="userRegistrationTest" finished-at="2025-04-29T17:46:34 IST" duration-ms="1435" status="PASS">
          <reporter-output>
          </reporter-output>
        </test-method> <!-- userRegistrationTest -->
        <test-method is-config="true" signature="tearDown(org.testng.ITestResult)[pri:0, instance:com.nixonex.tests.RegisterTest@4d5d943d]" started-at="2025-04-29T17:46:34 IST" name="tearDown" finished-at="2025-04-29T17:46:36 IST" duration-ms="1765" status="PASS">
          <params>
            <param index="0">
              <value>
                <![CDATA[[TestResult name=userRegistrationTest status=SUCCESS method=RegisterTest.userRegistrationTest()[pri:0, instance:com.nixonex.tests.RegisterTest@4d5d943d] output={null}]]]>
              </value>
            </param>
          </params>
          <reporter-output>
          </reporter-output>
        </test-method> <!-- tearDown -->
      </class> <!-- com.nixonex.tests.RegisterTest -->
      <class name="com.nixonex.tests.LoginTest">
        <test-method is-config="true" signature="setup(java.lang.reflect.Method)[pri:0, instance:com.nixonex.tests.LoginTest@40a4337a]" started-at="2025-04-29T17:46:36 IST" name="setup" finished-at="2025-04-29T17:46:43 IST" duration-ms="6709" status="PASS">
          <params>
            <param index="0">
              <value>
                <![CDATA[public void com.nixonex.tests.LoginTest.userLoginTest() throws java.lang.InterruptedException]]>
              </value>
            </param>
          </params>
          <reporter-output>
          </reporter-output>
        </test-method> <!-- setup -->
        <test-method signature="userLoginTest()[pri:0, instance:com.nixonex.tests.LoginTest@40a4337a]" started-at="2025-04-29T17:46:43 IST" name="userLoginTest" finished-at="2025-04-29T17:46:49 IST" duration-ms="5896" status="PASS">
          <reporter-output>
          </reporter-output>
        </test-method> <!-- userLoginTest -->
        <test-method is-config="true" signature="tearDown(org.testng.ITestResult)[pri:0, instance:com.nixonex.tests.LoginTest@40a4337a]" started-at="2025-04-29T17:46:49 IST" name="tearDown" finished-at="2025-04-29T17:46:50 IST" duration-ms="862" status="PASS">
          <params>
            <param index="0">
              <value>
                <![CDATA[[TestResult name=userLoginTest status=SUCCESS method=LoginTest.userLoginTest()[pri:0, instance:com.nixonex.tests.LoginTest@40a4337a] output={null}]]]>
              </value>
            </param>
          </params>
          <reporter-output>
          </reporter-output>
        </test-method> <!-- tearDown -->
      </class> <!-- com.nixonex.tests.LoginTest -->
    </test> <!-- Full User Journey -->
  </suite> <!-- Nixonex E-commerce Test Suite -->
</testng-results>
